\shade [ball color=blue!90!white] (-0.298,-0.518) circle (0.35cm);
\shade [ball color=blue!90!white] (0.292,-0.171) circle (0.35cm);
\shade [ball color=blue!90!white] (0.082,-0.529) circle (0.35cm);
\shade [ball color=red] (0.462,0.044) circle (0.35cm);
\shade [ball color=blue!90!white] (0.340,0.509) circle (0.35cm);
\shade [ball color=blue!90!white] (0.612,0.023) circle (0.35cm);
\shade [ball color=blue!90!white] (-0.500,0.356) circle (0.35cm);
\shade [ball color=blue!90!white] (0.273,-0.448) circle (0.35cm);
\shade [ball color=red] (0.316,0.494) circle (0.35cm);
\shade [ball color=blue!90!white] (0.288,-0.403) circle (0.35cm);
\shade [ball color=red] (-0.403,0.216) circle (0.35cm);
\shade [ball color=blue!90!white] (-0.466,0.201) circle (0.35cm);
\shade [ball color=red] (0.538,0.326) circle (0.35cm);
\shade [ball color=blue!90!white] (-0.580,-0.089) circle (0.35cm);
\shade [ball color=red] (0.366,-0.318) circle (0.35cm);
\shade [ball color=blue!90!white] (-0.508,0.232) circle (0.35cm);
\shade [ball color=blue!90!white] (0.021,-0.325) circle (0.35cm);
\shade [ball color=blue!90!white] (-0.416,-0.497) circle (0.35cm);
\shade [ball color=red] (-0.050,0.626) circle (0.35cm);
\shade [ball color=blue!90!white] (0.413,0.314) circle (0.35cm);
\node [white,font=\Huge] at ([shift=(50.5314813292:1.41921848847)]0,0) {$\tau$};
\node [white,font=\Huge] at ([shift=(17.6901300345:1.18626027292)]0,0) {$\Lambda$};
\node [white,font=\Huge] at ([shift=(-10.5751542315:1.51780251566)]0,0) {$\mu$};
\node [white,font=\Huge] at ([shift=(35.1962753872:1.58414464737)]0,0) {$\Kappa$};
\node [white,font=\Huge] at ([shift=(170.358791739:1.53820818017)]0,0) {$\Delta$};
\node [white,font=\Huge] at ([shift=(14.6762117324:1.57830562356)]0,0) {$\mu$};
